Line 117: Class MSWinsockLib.Winsock of control wsGuild was not a loaded control class.
Line 124: Class MSWinsockLib.Winsock of control wsMessageFetch was not a loaded control class.
Line 133: Class MSWinsockLib.Winsock of control wsMessageFetch was not a loaded control class.
Line 142: Class MSWinsockLib.Winsock of control wsChannelFetch was not a loaded control class.
Line 151: Class MSWinsockLib.Winsock of control wsChannelFetch was not a loaded control class.
Line 299: Class MSWinsockLib.Winsock of control wscSocket was not a loaded control class.
Line 308: Class MSWinsockLib.Winsock of control wsGuildIcon was not a loaded control class.
Line 317: Class MSWinsockLib.Winsock of control wsGuildIcon was not a loaded control class.
Line 335: Class MSWinsockLib.Winsock of control wsMessage was not a loaded control class.
Line 16: Cannot load control ChatView1.
Line 120: The property name _ExtentX in wsGuild is invalid.
Line 121: The property name _ExtentY in wsGuild is invalid.
Line 122: The property name _Version in wsGuild is invalid.
Line 128: The property name _ExtentX in wsMessageFetch is invalid.
Line 129: The property name _ExtentY in wsMessageFetch is invalid.
Line 130: The property name _Version in wsMessageFetch is invalid.
Line 131: The property name RemotePort in wsMessageFetch is invalid.
Line 137: The property name _ExtentX in wsMessageFetch is invalid.
Line 138: The property name _ExtentY in wsMessageFetch is invalid.
Line 139: The property name _Version in wsMessageFetch is invalid.
Line 140: The property name RemotePort in wsMessageFetch is invalid.
Line 146: The property name _ExtentX in wsChannelFetch is invalid.
Line 147: The property name _ExtentY in wsChannelFetch is invalid.
Line 148: The property name _Version in wsChannelFetch is invalid.
Line 149: The property name RemotePort in wsChannelFetch is invalid.
Line 155: The property name _ExtentX in wsChannelFetch is invalid.
Line 156: The property name _ExtentY in wsChannelFetch is invalid.
Line 157: The property name _Version in wsChannelFetch is invalid.
Line 158: The property name RemotePort in wsChannelFetch is invalid.
Line 303: The property name _ExtentX in wscSocket is invalid.
Line 304: The property name _ExtentY in wscSocket is invalid.
Line 305: The property name _Version in wscSocket is invalid.
Line 306: The property name RemotePort in wscSocket is invalid.
Line 312: The property name _ExtentX in wsGuildIcon is invalid.
Line 313: The property name _ExtentY in wsGuildIcon is invalid.
Line 314: The property name _Version in wsGuildIcon is invalid.
Line 315: The property name RemotePort in wsGuildIcon is invalid.
Line 321: The property name _ExtentX in wsGuildIcon is invalid.
Line 322: The property name _ExtentY in wsGuildIcon is invalid.
Line 323: The property name _Version in wsGuildIcon is invalid.
Line 324: The property name RemotePort in wsGuildIcon is invalid.
